This is pdfTeX, Version 3.14159265-2.6-1.40.20 (TeX Live 2019/Debian) (preloaded format=pdflatex 2023.5.31)  10 OCT 2023 18:45
entering extended mode
 restricted \write18 enabled.
 %&-line parsing enabled.
**Appendix-Chap4.tex
(./Appendix-Chap4.tex
LaTeX2e <2020-02-02> patch level 2
L3 programming layer <2020-02-14>)
! Emergency stop.
<*> Appendix-Chap4.tex
                      
*** (job aborted, no legal \end found)

 
Here is how much of TeX's memory you used:
 16 strings out of 483056
 417 string characters out of 5963250
 232072 words of memory out of 5000000
 15154 multiletter control sequences out of 15000+600000
 532338 words of font info for 24 fonts, out of 8000000 for 9000
 81 hyphenation exceptions out of 8191
 12i,0n,15p,50b,8s stack positions out of 5000i,500n,10000p,200000b,80000s
!  ==> Fatal error occurred, no output PDF file produced!
